2022-11-28T12:00:27+00:00 NOTICE admin :: syncing webhooks for existing plugin
2022-11-28T12:00:38+00:00 NOTICE action_scheduler.queue_job :: MailChimp_WooCommerce_Single_Product starts in 5 seconds :: obj_id 115
2022-11-28T12:06:00+00:00 NOTICE action_scheduler.queue_job :: MailChimp_WooCommerce_Single_Product starts in 5 seconds :: obj_id 115
2022-11-28T12:10:59+00:00 NOTICE sync_store :: posting data :: Array
(
    [store_post] => Array
        (
            [id] => 6384a2dab1637
            [is_syncing] => 
            [platform] => woocommerce
            [list_id] => cc3d7669ab
            [name] => Neill Horsman
            [domain] => https://makersmarket.local
            [email_address] => makersmarketau@gmail.com
            [currency_code] => AUD
            [money_format] => $
            [primary_locale] => en_AU
            [timezone] => +00:00
            [phone] => +61402654438
            [address] => Array
                (
                    [address1] => 202 Young St
                    [city] => Annandale
                    [province] => NSW
                    [postal_code] => 2038
                    [country] => AU
                    [country_code] => AU
                    [phone] => +61402654438
                    [company] => Neill Horsman
                )

        )

)

2022-11-28T12:11:02+00:00 NOTICE admin :: updated GDPR fields :: Array
(
    [fields] => Array
        (
        )

)

2022-11-28T12:11:05+00:00 NOTICE sync_store :: posting data :: Array
(
    [store_post] => Array
        (
            [id] => 6384a2dab1637
            [is_syncing] => 
            [platform] => woocommerce
            [list_id] => cc3d7669ab
            [name] => Neill Horsman
            [domain] => https://makersmarket.local
            [email_address] => makersmarketau@gmail.com
            [currency_code] => AUD
            [money_format] => $
            [primary_locale] => en_AU
            [timezone] => +00:00
            [phone] => +61402654438
            [address] => Array
                (
                    [address1] => 202 Young St
                    [city] => Annandale
                    [province] => NSW
                    [postal_code] => 2038
                    [country] => AU
                    [country_code] => AU
                    [phone] => +61402654438
                    [company] => Neill Horsman
                )

        )

)

2022-11-28T12:11:08+00:00 NOTICE admin :: updated GDPR fields :: Array
(
    [fields] => Array
        (
        )

)

2022-11-28T12:11:09+00:00 NOTICE sync_store :: posting data :: Array
(
    [store_post] => Array
        (
            [id] => 6384a2dab1637
            [is_syncing] => 
            [platform] => woocommerce
            [list_id] => cc3d7669ab
            [name] => Neill Horsman
            [domain] => https://makersmarket.local
            [email_address] => makersmarketau@gmail.com
            [currency_code] => AUD
            [money_format] => $
            [primary_locale] => en_AU
            [timezone] => +00:00
            [phone] => +61402654438
            [address] => Array
                (
                    [address1] => 202 Young St
                    [city] => Annandale
                    [province] => NSW
                    [postal_code] => 2038
                    [country] => AU
                    [country_code] => AU
                    [phone] => +61402654438
                    [company] => Neill Horsman
                )

        )

)

2022-11-28T12:11:12+00:00 NOTICE admin :: updated GDPR fields :: Array
(
    [fields] => Array
        (
        )

)

2022-11-28T12:11:12+00:00 NOTICE action_scheduler.queue_job :: MailChimp_WooCommerce_WebHooks_Sync queued
2022-11-28T12:11:12+00:00 NOTICE mailchimp-woocommerce-sync.started :: Starting Sync :: Mon, Nov 28, 2022 12:11 PM
2022-11-28T12:11:13+00:00 NOTICE action_scheduler.queue_job :: MailChimp_WooCommerce_Process_Coupons queued :: page 1
2022-11-28T12:11:30+00:00 NOTICE sync.full_sync_manager.queue :: Starting PRODUCTS queueing.
2022-11-28T12:11:30+00:00 NOTICE action_scheduler.queue_job :: MailChimp_WooCommerce_Process_Products queued :: page 1
2022-11-28T12:11:30+00:00 NOTICE action_scheduler.queue_job :: MailChimp_WooCommerce_Process_Products queued :: page 2
2022-11-28T12:11:32+00:00 NOTICE coupon_sync.completed :: Done with the coupon queueing.
2022-11-28T12:11:32+00:00 NOTICE action_scheduler.queue_job :: MailChimp_WooCommerce_Single_Product queued :: obj_id 24
2022-11-28T12:11:32+00:00 NOTICE action_scheduler.queue_job :: MailChimp_WooCommerce_Single_Product queued :: obj_id 62
2022-11-28T12:11:32+00:00 NOTICE action_scheduler.queue_job :: MailChimp_WooCommerce_Single_Product queued :: obj_id 65
2022-11-28T12:11:32+00:00 NOTICE action_scheduler.queue_job :: MailChimp_WooCommerce_Single_Product queued :: obj_id 69
2022-11-28T12:11:32+00:00 NOTICE action_scheduler.queue_job :: MailChimp_WooCommerce_Single_Product queued :: obj_id 88
2022-11-28T12:11:32+00:00 NOTICE action_scheduler.queue_job :: MailChimp_WooCommerce_Single_Product queued :: obj_id 96
2022-11-28T12:11:32+00:00 NOTICE action_scheduler.queue_job :: MailChimp_WooCommerce_Single_Product queued :: obj_id 115
2022-11-28T12:11:34+00:00 NOTICE product_sync.completed :: Done with the product queuing
2022-11-28T12:11:35+00:00 NOTICE product_submit.success :: addStoreProduct :: #24
2022-11-28T12:11:36+00:00 NOTICE product_submit.success :: addStoreProduct :: #62
2022-11-28T12:11:37+00:00 NOTICE product_submit.success :: addStoreProduct :: #65
2022-11-28T12:11:38+00:00 NOTICE product_submit.success :: addStoreProduct :: #69
2022-11-28T12:11:39+00:00 NOTICE product_submit.success :: addStoreProduct :: #88
2022-11-28T12:11:40+00:00 NOTICE product_submit.success :: addStoreProduct :: #96
2022-11-28T12:11:41+00:00 NOTICE product_submit.success :: addStoreProduct :: #115
2022-11-28T12:11:41+00:00 NOTICE action_scheduler.queue_job :: MailChimp_WooCommerce_Process_Orders queued :: page 1
2022-11-28T12:11:43+00:00 NOTICE order_sync.completed :: Done with the order queueing.
2022-11-28T12:12:16+00:00 NOTICE sync.completed :: Finished Sync :: Mon, Nov 28, 2022 12:12 PM (total time: 00:01:04)
2022-11-28T12:12:22+00:00 NOTICE action_scheduler.queue_job :: MailChimp_WooCommerce_WebHooks_Sync queued
2022-11-28T12:12:27+00:00 ERROR webhook :: <p>url: Invalid destination. Please try a different URL.</p>
2022-11-28T12:40:09+00:00 NOTICE action_scheduler.queue_job :: MailChimp_WooCommerce_User_Submit queued :: obj_id 1
2022-11-28T12:40:40+00:00 NOTICE member.sync :: info@neillh.com.au is Pending Double OptIn
